D:\Projects\Enterprise\Enterprise.Web.MPA\Enterprise.Web.MPA\wwwroot\js\Product\carousel-card.component.js
D:\Projects\Enterprise\Enterprise.Web.MPA\Enterprise.Web.MPA\wwwroot\js\Product\carousel-card.component.js.map
D:\Projects\Enterprise\Enterprise.Web.MPA\Enterprise.Web.MPA\wwwroot\js\Product\filter-product-tail.component.js
D:\Projects\Enterprise\Enterprise.Web.MPA\Enterprise.Web.MPA\wwwroot\js\Product\filter-product-tail.component.js.map
D:\Projects\Enterprise\Enterprise.Web.MPA\Enterprise.Web.MPA\wwwroot\js\Product\sort-product.component.js
D:\Projects\Enterprise\Enterprise.Web.MPA\Enterprise.Web.MPA\wwwroot\js\Product\sort-product.component.js.map
D:\Projects\Enterprise\Enterprise.Web.MPA\Enterprise.Web.MPA\wwwroot\js\Product\carousel-card.component.js
D:\Projects\Enterprise\Enterprise.Web.MPA\Enterprise.Web.MPA\wwwroot\js\Product\carousel-card.component.js.map
D:\Projects\Enterprise\Enterprise.Web.MPA\Enterprise.Web.MPA\wwwroot\js\Product\filter-product-tail.component.js
D:\Projects\Enterprise\Enterprise.Web.MPA\Enterprise.Web.MPA\wwwroot\js\Product\filter-product-tail.component.js.map
D:\Projects\Enterprise\Enterprise.Web.MPA\Enterprise.Web.MPA\wwwroot\js\Product\sort-product.component.js
D:\Projects\Enterprise\Enterprise.Web.MPA\Enterprise.Web.MPA\wwwroot\js\Product\sort-product.component.js.map
D:\Projects\Enterprise\Enterprise.Web.MPA\Enterprise.Web.MPA\wwwroot\js\Product\carousel-card.component.js
D:\Projects\Enterprise\Enterprise.Web.MPA\Enterprise.Web.MPA\wwwroot\js\Product\carousel-card.component.js.map
D:\Projects\Enterprise\Enterprise.Web.MPA\Enterprise.Web.MPA\wwwroot\js\Product\filter-product-tail.component.js
D:\Projects\Enterprise\Enterprise.Web.MPA\Enterprise.Web.MPA\wwwroot\js\Product\filter-product-tail.component.js.map
D:\Projects\Enterprise\Enterprise.Web.MPA\Enterprise.Web.MPA\wwwroot\js\Product\sort-product.component.js
D:\Projects\Enterprise\Enterprise.Web.MPA\Enterprise.Web.MPA\wwwroot\js\Product\sort-product.component.js.map
D:\Projects\Enterprise\Enterprise\Enterprise.Web.MPA\Enterprise.Web.MPA\wwwroot\js\Product\carousel-card.component.js
D:\Projects\Enterprise\Enterprise\Enterprise.Web.MPA\Enterprise.Web.MPA\wwwroot\js\Product\carousel-card.component.js.map
D:\Projects\Enterprise\Enterprise\Enterprise.Web.MPA\Enterprise.Web.MPA\wwwroot\js\Product\filter-product-tail.component.js
D:\Projects\Enterprise\Enterprise\Enterprise.Web.MPA\Enterprise.Web.MPA\wwwroot\js\Product\filter-product-tail.component.js.map
D:\Projects\Enterprise\Enterprise\Enterprise.Web.MPA\Enterprise.Web.MPA\wwwroot\js\Product\sort-product.component.js
D:\Projects\Enterprise\Enterprise\Enterprise.Web.MPA\Enterprise.Web.MPA\wwwroot\js\Product\sort-product.component.js.map
D:\Projects\Enterprise\Enterprise\Enterprise.Web.MPA\Enterprise.Web.MPA\wwwroot\js\Product\carousel-card.component.js
D:\Projects\Enterprise\Enterprise\Enterprise.Web.MPA\Enterprise.Web.MPA\wwwroot\js\Product\carousel-card.component.js.map
D:\Projects\Enterprise\Enterprise\Enterprise.Web.MPA\Enterprise.Web.MPA\wwwroot\js\Product\filter-product-tail.component.js
D:\Projects\Enterprise\Enterprise\Enterprise.Web.MPA\Enterprise.Web.MPA\wwwroot\js\Product\filter-product-tail.component.js.map
D:\Projects\Enterprise\Enterprise\Enterprise.Web.MPA\Enterprise.Web.MPA\wwwroot\js\Product\sort-product.component.js
D:\Projects\Enterprise\Enterprise\Enterprise.Web.MPA\Enterprise.Web.MPA\wwwroot\js\Product\sort-product.component.js.map
D:\Projects\Enterprise\Enterprise\Enterprise.Web.MPA\Enterprise.Web.MPA\wwwroot\js\Product\carousel-card.component.js
D:\Projects\Enterprise\Enterprise\Enterprise.Web.MPA\Enterprise.Web.MPA\wwwroot\js\Product\carousel-card.component.js.map
D:\Projects\Enterprise\Enterprise\Enterprise.Web.MPA\Enterprise.Web.MPA\wwwroot\js\Product\filter-product-tail.component.js
D:\Projects\Enterprise\Enterprise\Enterprise.Web.MPA\Enterprise.Web.MPA\wwwroot\js\Product\filter-product-tail.component.js.map
D:\Projects\Enterprise\Enterprise\Enterprise.Web.MPA\Enterprise.Web.MPA\wwwroot\js\Product\sort-product.component.js
D:\Projects\Enterprise\Enterprise\Enterprise.Web.MPA\Enterprise.Web.MPA\wwwroot\js\Product\sort-product.component.js.map
D:\Projects\Enterprise\Enterprise\Enterprise.Web.MPA\Enterprise.Web.MPA\wwwroot\js\Product\carousel-card.component.js
D:\Projects\Enterprise\Enterprise\Enterprise.Web.MPA\Enterprise.Web.MPA\wwwroot\js\Product\carousel-card.component.js.map
D:\Projects\Enterprise\Enterprise\Enterprise.Web.MPA\Enterprise.Web.MPA\wwwroot\js\Product\filter-product-tail.component.js
D:\Projects\Enterprise\Enterprise\Enterprise.Web.MPA\Enterprise.Web.MPA\wwwroot\js\Product\filter-product-tail.component.js.map
D:\Projects\Enterprise\Enterprise\Enterprise.Web.MPA\Enterprise.Web.MPA\wwwroot\js\Product\sort-product.component.js
D:\Projects\Enterprise\Enterprise\Enterprise.Web.MPA\Enterprise.Web.MPA\wwwroot\js\Product\sort-product.component.js.map
D:\Projects\Enterprise\Enterprise\Enterprise.Web.MPA\Enterprise.Web.MPA\wwwroot\js\Product\carousel-card.component.js
D:\Projects\Enterprise\Enterprise\Enterprise.Web.MPA\Enterprise.Web.MPA\wwwroot\js\Product\carousel-card.component.js.map
D:\Projects\Enterprise\Enterprise\Enterprise.Web.MPA\Enterprise.Web.MPA\wwwroot\js\Product\filter-product-tail.component.js
D:\Projects\Enterprise\Enterprise\Enterprise.Web.MPA\Enterprise.Web.MPA\wwwroot\js\Product\filter-product-tail.component.js.map
D:\Projects\Enterprise\Enterprise\Enterprise.Web.MPA\Enterprise.Web.MPA\wwwroot\js\Product\sort-product.component.js
D:\Projects\Enterprise\Enterprise\Enterprise.Web.MPA\Enterprise.Web.MPA\wwwroot\js\Product\sort-product.component.js.map
D:\Projects\Enterprise\Enterprise\Enterprise.Web.MPA\Enterprise.Web.MPA\wwwroot\js\Product\carousel-card.component.js
D:\Projects\Enterprise\Enterprise\Enterprise.Web.MPA\Enterprise.Web.MPA\wwwroot\js\Product\carousel-card.component.js.map
D:\Projects\Enterprise\Enterprise\Enterprise.Web.MPA\Enterprise.Web.MPA\wwwroot\js\Product\filter-product-tail.component.js
D:\Projects\Enterprise\Enterprise\Enterprise.Web.MPA\Enterprise.Web.MPA\wwwroot\js\Product\filter-product-tail.component.js.map
D:\Projects\Enterprise\Enterprise\Enterprise.Web.MPA\Enterprise.Web.MPA\wwwroot\js\Product\sort-product.component.js
D:\Projects\Enterprise\Enterprise\Enterprise.Web.MPA\Enterprise.Web.MPA\wwwroot\js\Product\sort-product.component.js.map
D:\Projects\Enterprise\Enterprise\Enterprise.Web.MPA\Enterprise.Web.MPA\wwwroot\js\Product\carousel-card.component.js
D:\Projects\Enterprise\Enterprise\Enterprise.Web.MPA\Enterprise.Web.MPA\wwwroot\js\Product\carousel-card.component.js.map
D:\Projects\Enterprise\Enterprise\Enterprise.Web.MPA\Enterprise.Web.MPA\wwwroot\js\Product\filter-product-tail.component.js
D:\Projects\Enterprise\Enterprise\Enterprise.Web.MPA\Enterprise.Web.MPA\wwwroot\js\Product\filter-product-tail.component.js.map
D:\Projects\Enterprise\Enterprise\Enterprise.Web.MPA\Enterprise.Web.MPA\wwwroot\js\Product\sort-product.component.js
D:\Projects\Enterprise\Enterprise\Enterprise.Web.MPA\Enterprise.Web.MPA\wwwroot\js\Product\sort-product.component.js.map
D:\Projects\Enterprise\Enterprise\Enterprise.Web.MPA\Enterprise.Web.MPA\wwwroot\js\Product\carousel-card.component.js
D:\Projects\Enterprise\Enterprise\Enterprise.Web.MPA\Enterprise.Web.MPA\wwwroot\js\Product\carousel-card.component.js.map
D:\Projects\Enterprise\Enterprise\Enterprise.Web.MPA\Enterprise.Web.MPA\wwwroot\js\Product\filter-product-tail.component.js
D:\Projects\Enterprise\Enterprise\Enterprise.Web.MPA\Enterprise.Web.MPA\wwwroot\js\Product\filter-product-tail.component.js.map
D:\Projects\Enterprise\Enterprise\Enterprise.Web.MPA\Enterprise.Web.MPA\wwwroot\js\Product\sort-product.component.js
D:\Projects\Enterprise\Enterprise\Enterprise.Web.MPA\Enterprise.Web.MPA\wwwroot\js\Product\sort-product.component.js.map
D:\Projects\Enterprise\Enterprise\Enterprise.Web.MPA\Enterprise.Web.MPA\wwwroot\js\Product\carousel-card.component.js
D:\Projects\Enterprise\Enterprise\Enterprise.Web.MPA\Enterprise.Web.MPA\wwwroot\js\Product\carousel-card.component.js.map
D:\Projects\Enterprise\Enterprise\Enterprise.Web.MPA\Enterprise.Web.MPA\wwwroot\js\Product\filter-product-tail.component.js
D:\Projects\Enterprise\Enterprise\Enterprise.Web.MPA\Enterprise.Web.MPA\wwwroot\js\Product\filter-product-tail.component.js.map
D:\Projects\Enterprise\Enterprise\Enterprise.Web.MPA\Enterprise.Web.MPA\wwwroot\js\Product\sort-product.component.js
D:\Projects\Enterprise\Enterprise\Enterprise.Web.MPA\Enterprise.Web.MPA\wwwroot\js\Product\sort-product.component.js.map
D:\Projects\Enterprise\Enterprise\Enterprise.Web.MPA\Enterprise.Web.MPA\wwwroot\js\Product\carousel-card.component.js
D:\Projects\Enterprise\Enterprise\Enterprise.Web.MPA\Enterprise.Web.MPA\wwwroot\js\Product\carousel-card.component.js.map
D:\Projects\Enterprise\Enterprise\Enterprise.Web.MPA\Enterprise.Web.MPA\wwwroot\js\Product\filter-product-tail.component.js
D:\Projects\Enterprise\Enterprise\Enterprise.Web.MPA\Enterprise.Web.MPA\wwwroot\js\Product\filter-product-tail.component.js.map
D:\Projects\Enterprise\Enterprise\Enterprise.Web.MPA\Enterprise.Web.MPA\wwwroot\js\Product\sort-product.component.js
D:\Projects\Enterprise\Enterprise\Enterprise.Web.MPA\Enterprise.Web.MPA\wwwroot\js\Product\sort-product.component.js.map
D:\Projects\Enterprise\Enterprise\Enterprise.Web.MPA\Enterprise.Web.MPA\wwwroot\js\Product\carousel-card.component.js
D:\Projects\Enterprise\Enterprise\Enterprise.Web.MPA\Enterprise.Web.MPA\wwwroot\js\Product\carousel-card.component.js.map
D:\Projects\Enterprise\Enterprise\Enterprise.Web.MPA\Enterprise.Web.MPA\wwwroot\js\Product\filter-product-tail.component.js
D:\Projects\Enterprise\Enterprise\Enterprise.Web.MPA\Enterprise.Web.MPA\wwwroot\js\Product\filter-product-tail.component.js.map
D:\Projects\Enterprise\Enterprise\Enterprise.Web.MPA\Enterprise.Web.MPA\wwwroot\js\Product\sort-product.component.js
D:\Projects\Enterprise\Enterprise\Enterprise.Web.MPA\Enterprise.Web.MPA\wwwroot\js\Product\sort-product.component.js.map
